<?xml version="1.0" encoding="UTF-8"?>
<testsuites name="Amazon_TestSuite" time="176.93" tests="4" failures="0" errors="0">
   <testsuite name="Amazon_TestSuite" tests="4" failures="0" errors="0" time="176.93" skipped="0" timestamp="23-01-2024T01:29:40" hostname="abc - DESKTOP-4E801K4" id="Test Suites/Amazon_Suite/Amazon_TestSuite">
      <properties>
         <property name="deviceName" value=""/>
         <property name="devicePlatform" value=""/>
         <property name="logFolder" value="C:\\Users\\abc\\git\\SI-GuidedProject-705390-1705742126\\Reports\\20240123_012925\\Amazon_Suite\\Amazon_TestSuite\\20240123_012925"/>
         <property name="logFiles" value="C:\\Users\\abc\\git\\SI-GuidedProject-705390-1705742126\\Reports\\20240123_012925\\Amazon_Suite\\Amazon_TestSuite\\20240123_012925\\execution0.log"/>
         <property name="attachments" value=""/>
         <property name="hostName" value="abc - DESKTOP-4E801K4"/>
         <property name="os" value="Windows 10 64bit"/>
         <property name="katalonVersion" value="9.2.0.212"/>
         <property name="browser" value="Chrome 120.0.0.0"/>
         <property name="hostAddress" value="192.168.56.1"/>
         <property name="sessionId" value="794afe947abe8afcaf68a8325171e3c4"/>
         <property name="seleniumVersion" value="3.141.59"/>
         <property name="proxyInformation" value="ProxyInformation { proxyOption=NO_PROXY, proxyServerType=HTTP, username=, password=********, proxyServerAddress=, proxyServerPort=0, executionList=&quot;&quot;, isApplyToDesiredCapabilities=true }"/>
         <property name="platform" value="Windows 10"/>
      </properties>
      <testcase name="Test Cases/Amazon/TC_Amazon_AddToCart_004" time="73.65" classname="Test Cases/Amazon/TC_Amazon_AddToCart_004" status="PASSED">
         <system-out><![CDATA[23-01-2024T01:29:40 - [TEST_CASE][PASSED] - Test Cases/Amazon/TC_Amazon_AddToCart_004: Test Cases/Amazon/TC_Amazon_AddToCart_004

23-01-2024T01:29:41 - [TEST_STEP][PASSED] - openBrowser(""): Browser is opened with url: ''

23-01-2024T01:29:41 - [MESSAGE][INFO] - Starting 'Chrome' driver

23-01-2024T01:29:41 - [MESSAGE][INFO] - Action delay is set to 0 milliseconds

23-01-2024T01:29:52 - [MESSAGE][PASSED] - Browser is opened with url: ''

23-01-2024T01:29:52 - [TEST_STEP][PASSED] - navigateToUrl("https://www.amazon.com/"): Navigate to 'https://www.amazon.com/' successfully

23-01-2024T01:29:54 - [MESSAGE][PASSED] - Navigate to 'https://www.amazon.com/' successfully

23-01-2024T01:29:54 - [TEST_STEP][PASSED] - setText(findTestObject("Object Repository/Amazon_OR/Page_Amazon.com. Spend less. Smile more/input_field-keywords"), "pens"): Text 'pens' is set on object 'Object Repository/Amazon_OR/Page_Amazon.com. Spend less. Smile more/input_field-keywords'

23-01-2024T01:30:08 - [MESSAGE][PASSED] - Text 'pens' is set on object 'Object Repository/Amazon_OR/Page_Amazon.com. Spend less. Smile more/input_field-keywords'

23-01-2024T01:30:08 - [TEST_STEP][PASSED] - click(findTestObject("Object Repository/Amazon_OR/Page_Amazon.com. Spend less. Smile more/inputnav-search-submit-button")): Object: 'Object Repository/Amazon_OR/Page_Amazon.com. Spend less. Smile more/inputnav-search-submit-button' is clicked on

23-01-2024T01:30:16 - [MESSAGE][PASSED] - Object: 'Object Repository/Amazon_OR/Page_Amazon.com. Spend less. Smile more/inputnav-search-submit-button' is clicked on

23-01-2024T01:30:16 - [TEST_STEP][PASSED] - click(findTestObject("Object Repository/Amazon_OR/Page_Amazon.com  pens/img_s-image")): Object: 'Object Repository/Amazon_OR/Page_Amazon.com  pens/img_s-image' is clicked on

23-01-2024T01:30:28 - [MESSAGE][PASSED] - Object: 'Object Repository/Amazon_OR/Page_Amazon.com  pens/img_s-image' is clicked on

23-01-2024T01:30:28 - [TEST_STEP][PASSED] - click(findTestObject("Object Repository/Amazon_OR/Page_Amazon.com SHARPIE S-Gel, Gel Pens, Me_5bc997/span_Quantity1")): Object: 'Object Repository/Amazon_OR/Page_Amazon.com SHARPIE S-Gel, Gel Pens, Me_5bc997/span_Quantity1' is clicked on

23-01-2024T01:30:36 - [MESSAGE][PASSED] - Object: 'Object Repository/Amazon_OR/Page_Amazon.com SHARPIE S-Gel, Gel Pens, Me_5bc997/span_Quantity1' is clicked on

23-01-2024T01:30:36 - [TEST_STEP][PASSED] - click(findTestObject("Object Repository/Amazon_OR/Page_Amazon.com SHARPIE S-Gel, Gel Pens, Me_5bc997/a_4")): Object: 'Object Repository/Amazon_OR/Page_Amazon.com SHARPIE S-Gel, Gel Pens, Me_5bc997/a_4' is clicked on

23-01-2024T01:30:37 - [MESSAGE][PASSED] - Object: 'Object Repository/Amazon_OR/Page_Amazon.com SHARPIE S-Gel, Gel Pens, Me_5bc997/a_4' is clicked on

23-01-2024T01:30:37 - [TEST_STEP][PASSED] - click(findTestObject("Object Repository/Amazon_OR/Page_Amazon.com SHARPIE S-Gel, Gel Pens, Me_5bc997/input_submit.add-to-cart")): Object: 'Object Repository/Amazon_OR/Page_Amazon.com SHARPIE S-Gel, Gel Pens, Me_5bc997/input_submit.add-to-cart' is clicked on

23-01-2024T01:30:46 - [MESSAGE][PASSED] - Object: 'Object Repository/Amazon_OR/Page_Amazon.com SHARPIE S-Gel, Gel Pens, Me_5bc997/input_submit.add-to-cart' is clicked on

23-01-2024T01:30:46 - [TEST_STEP][PASSED] - click(findTestObject("Object Repository/Amazon_OR/Page_Amazon.com Shopping Cart/span_Cart")): Object: 'Object Repository/Amazon_OR/Page_Amazon.com Shopping Cart/span_Cart' is clicked on

23-01-2024T01:30:50 - [MESSAGE][PASSED] - Object: 'Object Repository/Amazon_OR/Page_Amazon.com Shopping Cart/span_Cart' is clicked on

23-01-2024T01:30:50 - [TEST_STEP][PASSED] - delay(2): Delayed 2 second(s)

23-01-2024T01:30:52 - [MESSAGE][PASSED] - Delayed 2 second(s)

23-01-2024T01:30:52 - [TEST_STEP][PASSED] - closeBrowser(): Browser is closed

23-01-2024T01:30:54 - [MESSAGE][PASSED] - Browser is closed]]></system-out>
         <system-err><![CDATA[]]></system-err>
      </testcase>
      <testcase name="Test Cases/Amazon/TC_Amazon_Category_003" time="37.185" classname="Test Cases/Amazon/TC_Amazon_Category_003" status="PASSED">
         <system-out><![CDATA[23-01-2024T01:30:54 - [TEST_CASE][PASSED] - Test Cases/Amazon/TC_Amazon_Category_003: Test Cases/Amazon/TC_Amazon_Category_003

23-01-2024T01:30:54 - [TEST_STEP][PASSED] - openBrowser(""): Browser is opened with url: ''

23-01-2024T01:30:54 - [MESSAGE][INFO] - Starting 'Chrome' driver

23-01-2024T01:30:54 - [MESSAGE][INFO] - Action delay is set to 0 milliseconds

23-01-2024T01:30:57 - [MESSAGE][PASSED] - Browser is opened with url: ''

23-01-2024T01:30:57 - [TEST_STEP][PASSED] - navigateToUrl("https://www.amazon.com/"): Navigate to 'https://www.amazon.com/' successfully

23-01-2024T01:30:59 - [MESSAGE][PASSED] - Navigate to 'https://www.amazon.com/' successfully

23-01-2024T01:30:59 - [TEST_STEP][PASSED] - selectOptionByLabel(findTestObject("Object Repository/Amazon_OR/Page_Amazon.com. Spend less. Smile more/select_All Departments        Arts  Crafts _135c92"), "Books", true): All options with label 'Books' are selected in object 'Object Repository/Amazon_OR/Page_Amazon.com. Spend less. Smile more/select_All Departments        Arts  Crafts _135c92'  using regular expression

23-01-2024T01:31:18 - [MESSAGE][PASSED] - All options with label 'Books' are selected in object 'Object Repository/Amazon_OR/Page_Amazon.com. Spend less. Smile more/select_All Departments        Arts  Crafts _135c92'  using regular expression

23-01-2024T01:31:18 - [TEST_STEP][PASSED] - setText(findTestObject("Object Repository/Amazon_OR/Page_Amazon.com. Spend less. Smile more/input_field-keywords"), "encyclopedia"): Text 'encyclopedia' is set on object 'Object Repository/Amazon_OR/Page_Amazon.com. Spend less. Smile more/input_field-keywords'

23-01-2024T01:31:21 - [MESSAGE][PASSED] - Text 'encyclopedia' is set on object 'Object Repository/Amazon_OR/Page_Amazon.com. Spend less. Smile more/input_field-keywords'

23-01-2024T01:31:21 - [TEST_STEP][PASSED] - click(findTestObject("Object Repository/Amazon_OR/Page_Amazon.com. Spend less. Smile more/inputnav-search-submit-button")): Object: 'Object Repository/Amazon_OR/Page_Amazon.com. Spend less. Smile more/inputnav-search-submit-button' is clicked on

23-01-2024T01:31:30 - [MESSAGE][PASSED] - Object: 'Object Repository/Amazon_OR/Page_Amazon.com. Spend less. Smile more/inputnav-search-submit-button' is clicked on

23-01-2024T01:31:30 - [TEST_STEP][PASSED] - closeBrowser(): Browser is closed

23-01-2024T01:31:31 - [MESSAGE][PASSED] - Browser is closed]]></system-out>
         <system-err><![CDATA[]]></system-err>
      </testcase>
      <testcase name="Test Cases/Amazon/TC_Amazon_CreateAccount_002" time="29.119" classname="Test Cases/Amazon/TC_Amazon_CreateAccount_002" status="PASSED">
         <system-out><![CDATA[23-01-2024T01:31:31 - [TEST_CASE][PASSED] - Test Cases/Amazon/TC_Amazon_CreateAccount_002: Test Cases/Amazon/TC_Amazon_CreateAccount_002

23-01-2024T01:31:31 - [TEST_STEP][PASSED] - openBrowser(""): Browser is opened with url: ''

23-01-2024T01:31:31 - [MESSAGE][INFO] - Starting 'Chrome' driver

23-01-2024T01:31:31 - [MESSAGE][INFO] - Action delay is set to 0 milliseconds

23-01-2024T01:31:34 - [MESSAGE][PASSED] - Browser is opened with url: ''

23-01-2024T01:31:34 - [TEST_STEP][PASSED] - navigateToUrl("www.amazon.com"): Navigate to 'http://www.amazon.com' successfully

23-01-2024T01:31:35 - [MESSAGE][PASSED] - Navigate to 'http://www.amazon.com' successfully

23-01-2024T01:31:35 - [TEST_STEP][PASSED] - click(findTestObject("Amazon_OR/Page_Amazon.com. Spend less. Smile more/a_Hello, sign in  Account  Lists")): Object: 'Object Repository/Amazon_OR/Page_Amazon.com. Spend less. Smile more/a_Hello, sign in  Account  Lists' is clicked on

23-01-2024T01:31:46 - [MESSAGE][PASSED] - Object: 'Object Repository/Amazon_OR/Page_Amazon.com. Spend less. Smile more/a_Hello, sign in  Account  Lists' is clicked on

23-01-2024T01:31:46 - [TEST_STEP][PASSED] - click(findTestObject("Amazon_OR/Page_Amazon Sign-In/span_Create your Amazon account")): Object: 'Object Repository/Amazon_OR/Page_Amazon Sign-In/span_Create your Amazon account' is clicked on

23-01-2024T01:31:48 - [MESSAGE][PASSED] - Object: 'Object Repository/Amazon_OR/Page_Amazon Sign-In/span_Create your Amazon account' is clicked on

23-01-2024T01:31:48 - [TEST_STEP][PASSED] - setText(findTestObject("Amazon_OR/Page_Amazon Registration/input_Your name_customerName"), "harsh"): Text 'harsh' is set on object 'Object Repository/Amazon_OR/Page_Amazon Registration/input_Your name_customerName'

23-01-2024T01:31:50 - [MESSAGE][PASSED] - Text 'harsh' is set on object 'Object Repository/Amazon_OR/Page_Amazon Registration/input_Your name_customerName'

23-01-2024T01:31:50 - [TEST_STEP][PASSED] - setText(findTestObject("Amazon_OR/Page_Amazon Registration/input_US 1_email"), "1234jumbo@gmail.com"): Text '1234jumbo@gmail.com' is set on object 'Object Repository/Amazon_OR/Page_Amazon Registration/input_US 1_email'

23-01-2024T01:31:51 - [MESSAGE][PASSED] - Text '1234jumbo@gmail.com' is set on object 'Object Repository/Amazon_OR/Page_Amazon Registration/input_US 1_email'

23-01-2024T01:31:51 - [TEST_STEP][PASSED] - setText(findTestObject("Amazon_OR/Page_Amazon Registration/input_Password_password"), "123123"): Text '123123' is set on object 'Object Repository/Amazon_OR/Page_Amazon Registration/input_Password_password'

23-01-2024T01:31:52 - [MESSAGE][PASSED] - Text '123123' is set on object 'Object Repository/Amazon_OR/Page_Amazon Registration/input_Password_password'

23-01-2024T01:31:52 - [TEST_STEP][PASSED] - setText(findTestObject("Amazon_OR/Page_Amazon Registration/input_Re-enter password_passwordCheck"), "123123"): Text '123123' is set on object 'Object Repository/Amazon_OR/Page_Amazon Registration/input_Re-enter password_passwordCheck'

23-01-2024T01:31:53 - [MESSAGE][PASSED] - Text '123123' is set on object 'Object Repository/Amazon_OR/Page_Amazon Registration/input_Re-enter password_passwordCheck'

23-01-2024T01:31:53 - [TEST_STEP][PASSED] - click(findTestObject("Amazon_OR/Page_Amazon Registration/input_Passwords must match_continue")): Object: 'Object Repository/Amazon_OR/Page_Amazon Registration/input_Passwords must match_continue' is clicked on

23-01-2024T01:31:55 - [MESSAGE][PASSED] - Object: 'Object Repository/Amazon_OR/Page_Amazon Registration/input_Passwords must match_continue' is clicked on

23-01-2024T01:31:55 - [TEST_STEP][PASSED] - delay(5): Delayed 5 second(s)

23-01-2024T01:32:00 - [MESSAGE][PASSED] - Delayed 5 second(s)

23-01-2024T01:32:00 - [TEST_STEP][PASSED] - closeBrowser(): Browser is closed

23-01-2024T01:32:00 - [MESSAGE][PASSED] - Browser is closed]]></system-out>
         <system-err><![CDATA[]]></system-err>
      </testcase>
      <testcase name="Test Cases/Amazon/TC_Amazon_Login_001" time="36.488" classname="Test Cases/Amazon/TC_Amazon_Login_001" status="PASSED">
         <system-out><![CDATA[23-01-2024T01:32:00 - [TEST_CASE][PASSED] - Test Cases/Amazon/TC_Amazon_Login_001: Test Cases/Amazon/TC_Amazon_Login_001

23-01-2024T01:32:00 - [TEST_STEP][PASSED] - openBrowser(""): Browser is opened with url: ''

23-01-2024T01:32:00 - [MESSAGE][INFO] - Starting 'Chrome' driver

23-01-2024T01:32:00 - [MESSAGE][INFO] - Action delay is set to 0 milliseconds

23-01-2024T01:32:02 - [MESSAGE][PASSED] - Browser is opened with url: ''

23-01-2024T01:32:02 - [TEST_STEP][PASSED] - navigateToUrl("https://www.amazon.com/"): Navigate to 'https://www.amazon.com/' successfully

23-01-2024T01:32:04 - [MESSAGE][PASSED] - Navigate to 'https://www.amazon.com/' successfully

23-01-2024T01:32:04 - [TEST_STEP][PASSED] - click(findTestObject("Object Repository/Amazon_OR/Page_Amazon.com. Spend less. Smile more/a_Hello, sign in  Account  Lists")): Object: 'Object Repository/Amazon_OR/Page_Amazon.com. Spend less. Smile more/a_Hello, sign in  Account  Lists' is clicked on

23-01-2024T01:32:23 - [MESSAGE][PASSED] - Object: 'Object Repository/Amazon_OR/Page_Amazon.com. Spend less. Smile more/a_Hello, sign in  Account  Lists' is clicked on

23-01-2024T01:32:23 - [TEST_STEP][PASSED] - setText(findTestObject("Object Repository/Amazon_OR/Page_Amazon Sign-In/input_email"), "jaiswalpratham2002@gmail.com"): Text 'jaiswalpratham2002@gmail.com' is set on object 'Object Repository/Amazon_OR/Page_Amazon Sign-In/input_email'

23-01-2024T01:32:25 - [MESSAGE][PASSED] - Text 'jaiswalpratham2002@gmail.com' is set on object 'Object Repository/Amazon_OR/Page_Amazon Sign-In/input_email'

23-01-2024T01:32:25 - [TEST_STEP][PASSED] - click(findTestObject("Object Repository/Amazon_OR/Page_Amazon Sign-In/inputcontinue")): Object: 'Object Repository/Amazon_OR/Page_Amazon Sign-In/inputcontinue' is clicked on

23-01-2024T01:32:28 - [MESSAGE][PASSED] - Object: 'Object Repository/Amazon_OR/Page_Amazon Sign-In/inputcontinue' is clicked on

23-01-2024T01:32:28 - [TEST_STEP][PASSED] - setEncryptedText(findTestObject("Object Repository/Amazon_OR/Page_Amazon Sign-In/input_password"), "CRqjWPeblyV95o9fznV5pg=="): Text ****** has been set on object 'Object Repository/Amazon_OR/Page_Amazon Sign-In/input_password'

23-01-2024T01:32:30 - [MESSAGE][PASSED] - Text ****** has been set on object 'Object Repository/Amazon_OR/Page_Amazon Sign-In/input_password'

23-01-2024T01:32:30 - [TEST_STEP][PASSED] - click(findTestObject("Object Repository/Amazon_OR/Page_Amazon Sign-In/inputsignInSubmit")): Object: 'Object Repository/Amazon_OR/Page_Amazon Sign-In/inputsignInSubmit' is clicked on

23-01-2024T01:32:30 - [MESSAGE][PASSED] - Object: 'Object Repository/Amazon_OR/Page_Amazon Sign-In/inputsignInSubmit' is clicked on

23-01-2024T01:32:30 - [TEST_STEP][PASSED] - delay(5): Delayed 5 second(s)

23-01-2024T01:32:35 - [MESSAGE][PASSED] - Delayed 5 second(s)

23-01-2024T01:32:35 - [TEST_STEP][PASSED] - closeBrowser(): Browser is closed

23-01-2024T01:32:37 - [MESSAGE][PASSED] - Browser is closed]]></system-out>
         <system-err><![CDATA[]]></system-err>
      </testcase>
      <system-out><![CDATA[23-01-2024T01:29:40 - [TEST_SUITE][PASSED] - Amazon_TestSuite: Test Cases/Amazon/TC_Amazon_Login_001]]></system-out>
      <system-err><![CDATA[]]></system-err>
   </testsuite>
</testsuites>
